<?xml version="1.0" encoding="UTF-8"?>
<!-- Generated by org.testng.reporters.JUnitReportReporter -->
<testsuite hostname="WINCTRL-S7E21V6" name="TestNGDemos.AnnotationsDemo" tests="2" failures="0" timestamp="29 Jan 2018 17:28:51 GMT" time="0.010" errors="0">
  <testcase name="funA" time="0.007" classname="TestNGDemos.AnnotationsDemo"/>
  <testcase name="funB" time="0.003" classname="TestNGDemos.AnnotationsDemo"/>
</testsuite> <!-- TestNGDemos.AnnotationsDemo -->
