<?xml version="1.0" encoding="UTF-8"?>
<!-- Generated by org.testng.reporters.JUnitReportReporter -->
<testsuite hostname="WINCTRL-S7E21V6" name="TestNGDemos.TestNGXML2" tests="1" failures="0" timestamp="15 Jun 2017 02:18:09 GMT" time="0.002" errors="0">
  <testcase name="f" time="0.002" classname="TestNGDemos.TestNGXML2"/>
</testsuite> <!-- TestNGDemos.TestNGXML2 -->
