<?xml version="1.0" encoding="UTF-8"?>
<!-- Generated by org.testng.reporters.JUnitReportReporter -->
<testsuite hostname="WINCTRL-S7E21V6" name="TestNGDemos.TestNGGroupsDemo" tests="4" failures="0" timestamp="15 Jun 2017 02:18:09 GMT" time="0.008" errors="0">
  <testcase name="funB" time="0.002" classname="TestNGDemos.TestNGGroupsDemo"/>
  <testcase name="funC" time="0.002" classname="TestNGDemos.TestNGGroupsDemo"/>
  <testcase name="funD" time="0.002" classname="TestNGDemos.TestNGGroupsDemo"/>
  <testcase name="funA" time="0.002" classname="TestNGDemos.TestNGGroupsDemo"/>
</testsuite> <!-- TestNGDemos.TestNGGroupsDemo -->
