<?xml version="1.0" encoding="UTF-8"?>
<!-- Generated by org.testng.reporters.JUnitReportReporter -->
<testsuite hostname="WINCTRL-S7E21V6" name="HybridFramework.ExecuteTest" tests="1" failures="0" timestamp="26 Jun 2017 18:16:09 GMT" time="18.162" errors="0">
  <testcase name="loginTest" time="18.162" classname="HybridFramework.ExecuteTest"/>
</testsuite> <!-- HybridFramework.ExecuteTest -->
