<?xml version="1.0" encoding="UTF-8"?>
<!-- Generated by org.testng.reporters.JUnitReportReporter -->
<testsuite hostname="WINCTRL-S7E21V6" name="TestNGPackage.TestNGDemo3" tests="4" failures="0" timestamp="15 Jun 2017 02:12:54 GMT" time="0.007" errors="0">
  <testcase name="funC" time="0.002" classname="TestNGPackage.TestNGDemo3"/>
  <testcase name="funD" time="0.002" classname="TestNGPackage.TestNGDemo3"/>
  <testcase name="funB" time="0.002" classname="TestNGPackage.TestNGDemo3"/>
  <testcase name="funA" time="0.001" classname="TestNGPackage.TestNGDemo3"/>
</testsuite> <!-- TestNGPackage.TestNGDemo3 -->
