<?xml version="1.0" encoding="UTF-8"?>
<!-- Generated by org.testng.reporters.JUnitReportReporter -->
<testsuite hostname="WINCTRL-S7E21V6" name="TestNGDemos.DataProviderfromXL" tests="3" failures="0" timestamp="21 Jun 2017 02:35:46 GMT" time="31.898" errors="0">
  <testcase name="loginTest" time="12.600" classname="TestNGDemos.DataProviderfromXL"/>
  <testcase name="loginTest" time="9.236" classname="TestNGDemos.DataProviderfromXL"/>
  <testcase name="loginTest" time="10.062" classname="TestNGDemos.DataProviderfromXL"/>
</testsuite> <!-- TestNGDemos.DataProviderfromXL -->
