<?xml version="1.0" encoding="UTF-8"?>
<!-- Generated by org.testng.reporters.JUnitReportReporter -->
<testsuite hostname="WINCTRL-S7E21V6" name="TestNGDemos.DataProviderDemo1" tests="6" failures="0" timestamp="19 Jun 2017 02:09:03 GMT" time="0.016" errors="0">
  <testcase name="funB" time="0.000" classname="TestNGDemos.DataProviderDemo1"/>
  <testcase name="funA" time="0.016" classname="TestNGDemos.DataProviderDemo1"/>
  <testcase name="funA" time="0.000" classname="TestNGDemos.DataProviderDemo1"/>
  <testcase name="funA" time="0.000" classname="TestNGDemos.DataProviderDemo1"/>
  <testcase name="funB" time="0.000" classname="TestNGDemos.DataProviderDemo1"/>
  <testcase name="funB" time="0.000" classname="TestNGDemos.DataProviderDemo1"/>
</testsuite> <!-- TestNGDemos.DataProviderDemo1 -->
