<?xml version="1.0" encoding="UTF-8"?>
<!-- Generated by org.testng.reporters.JUnitReportReporter -->
<testsuite hostname="WINCTRL-S7E21V6" name="seleniumDemos.TestNGGroupsDemo" tests="2" failures="0" timestamp="15 Jun 2017 02:04:11 GMT" time="0.016" errors="0">
  <testcase name="funD" time="0.002" classname="seleniumDemos.TestNGGroupsDemo"/>
  <testcase name="funC" time="0.014" classname="seleniumDemos.TestNGGroupsDemo"/>
</testsuite> <!-- seleniumDemos.TestNGGroupsDemo -->
