<?xml version="1.0" encoding="UTF-8"?>
<!-- Generated by org.testng.reporters.JUnitReportReporter -->
<testsuite hostname="WINCTRL-S7E21V6" name="HybridFramework_V2.ExecuteTest" tests="1" failures="0" timestamp="22 Jan 2018 08:40:16 GMT" time="23.203" errors="0">
  <testcase name="loginTest" time="23.203" classname="HybridFramework_V2.ExecuteTest"/>
</testsuite> <!-- HybridFramework_V2.ExecuteTest -->
