<?xml version="1.0" encoding="UTF-8"?>
<!-- Generated by org.testng.reporters.JUnitReportReporter -->
<testsuite hostname="WINCTRL-S7E21V6" name="TestNGDemos.TestGuru99MultipleSession" tests="1" failures="0" timestamp="31 Jan 2018 15:12:57 GMT" time="9.925" errors="0">
  <testcase name="executSessionOne" time="9.925" classname="TestNGDemos.TestGuru99MultipleSession"/>
</testsuite> <!-- TestNGDemos.TestGuru99MultipleSession -->
