<?xml version="1.0" encoding="UTF-8"?>
<!-- Generated by org.testng.reporters.JUnitReportReporter -->
<testsuite hostname="WINCTRL-S7E21V6" name="TestNGDemos.TestNGuru99" tests="2" failures="0" timestamp="29 Jan 2018 17:20:38 GMT" time="2.837" errors="0">
  <testcase name="support" time="1.025" classname="TestNGDemos.TestNGuru99"/>
  <testcase name="register" time="1.812" classname="TestNGDemos.TestNGuru99"/>
</testsuite> <!-- TestNGDemos.TestNGuru99 -->
