<?xml version="1.0" encoding="UTF-8"?>
<!-- Generated by org.testng.reporters.JUnitReportReporter -->
<testsuite hostname="WINCTRL-S7E21V6" name="TestNGDemos.AnnotationsAfter" tests="2" failures="0" timestamp="29 Jan 2018 17:06:45 GMT" time="0.018" errors="0">
  <testcase name="funA" time="0.014" classname="TestNGDemos.AnnotationsAfter"/>
  <testcase name="funB" time="0.004" classname="TestNGDemos.AnnotationsAfter"/>
</testsuite> <!-- TestNGDemos.AnnotationsAfter -->
