<?xml version="1.0" encoding="UTF-8"?>
<!-- Generated by org.testng.reporters.JUnitReportReporter -->
<testsuite hostname="WINCTRL-S7E21V6" name="TestNGDemos.Sample1" tests="1" failures="0" timestamp="29 Jan 2018 16:55:07 GMT" time="0.013" errors="0">
  <testcase name="login" time="0.013" classname="TestNGDemos.Sample1"/>
</testsuite> <!-- TestNGDemos.Sample1 -->
