<?xml version="1.0" encoding="UTF-8"?>
<!-- Generated by org.testng.reporters.JUnitReportReporter -->
<testsuite hostname="WINCTRL-S7E21V6" name="TestNGDemos.HybridTest1" tests="3" failures="0" timestamp="26 Jun 2017 17:27:10 GMT" time="40.212" errors="0">
  <testcase name="loginTest" time="12.859" classname="TestNGDemos.HybridTest1"/>
  <testcase name="loginTest" time="13.043" classname="TestNGDemos.HybridTest1"/>
  <testcase name="loginTest" time="14.310" classname="TestNGDemos.HybridTest1"/>
</testsuite> <!-- TestNGDemos.HybridTest1 -->
