<?xml version="1.0" encoding="UTF-8"?>
<!-- Generated by org.testng.reporters.JUnitReportReporter -->
<testsuite hostname="WINCTRL-S7E21V6" name="TestNGDemos.AnnotationsBeforeDemo" tests="2" failures="0" timestamp="16 Jun 2017 02:31:43 GMT" time="0.000" errors="0">
  <testcase name="funA" time="0.000" classname="TestNGDemos.AnnotationsBeforeDemo"/>
  <testcase name="funB" time="0.000" classname="TestNGDemos.AnnotationsBeforeDemo"/>
</testsuite> <!-- TestNGDemos.AnnotationsBeforeDemo -->
