<?xml version="1.0" encoding="UTF-8"?>
<!-- Generated by org.testng.reporters.JUnitReportReporter -->
<testsuite hostname="WINCTRL-S7E21V6" name="TestNGDemos.ExtentReportsDemo2" tests="1" failures="0" timestamp="2 Jul 2017 02:04:40 GMT" time="11.901" errors="0">
  <testcase name="verifySeleniumBlog" time="11.901" classname="TestNGDemos.ExtentReportsDemo2"/>
</testsuite> <!-- TestNGDemos.ExtentReportsDemo2 -->
