<?xml version="1.0" encoding="UTF-8"?>
<!-- Generated by org.testng.reporters.JUnitReportReporter -->
<testsuite hostname="WINCTRL-S7E21V6" name="TestNGPackage.TestNGGroupsDemo" tests="2" failures="0" timestamp="15 Jun 2017 02:11:21 GMT" time="0.017" errors="0">
  <testcase name="funD" time="0.002" classname="TestNGPackage.TestNGGroupsDemo"/>
  <testcase name="funC" time="0.015" classname="TestNGPackage.TestNGGroupsDemo"/>
</testsuite> <!-- TestNGPackage.TestNGGroupsDemo -->
