<?xml version="1.0" encoding="UTF-8"?>
<!-- Generated by org.testng.reporters.JUnitReportReporter -->
<testsuite hostname="WINCTRL-S7E21V6" name="TestNGDemos.TestNGDemo3" tests="4" failures="0" timestamp="29 Jan 2018 17:24:28 GMT" time="0.019" errors="0">
  <testcase name="funC" time="0.002" classname="TestNGDemos.TestNGDemo3"/>
  <testcase name="funD" time="0.002" classname="TestNGDemos.TestNGDemo3"/>
  <testcase name="funB" time="0.002" classname="TestNGDemos.TestNGDemo3"/>
  <testcase name="funA" time="0.013" classname="TestNGDemos.TestNGDemo3"/>
</testsuite> <!-- TestNGDemos.TestNGDemo3 -->
