<?xml version="1.0" encoding="UTF-8"?>
<!-- Generated by org.testng.reporters.JUnitReportReporter -->
<testsuite hostname="WINCTRL-S7E21V6" name="TestNGDemos.DataDrivenXlDemo1" tests="3" failures="0" timestamp="22 Jun 2017 02:36:47 GMT" time="32.039" errors="0">
  <testcase name="loginTest" time="12.814" classname="TestNGDemos.DataDrivenXlDemo1"/>
  <testcase name="loginTest" time="9.809" classname="TestNGDemos.DataDrivenXlDemo1"/>
  <testcase name="loginTest" time="9.416" classname="TestNGDemos.DataDrivenXlDemo1"/>
</testsuite> <!-- TestNGDemos.DataDrivenXlDemo1 -->
